<?xml version="1.0" encoding="UTF-8"?>
<testng-results ignored="0" total="2" passed="2" failed="0" skipped="0">
  <reporter-output>
  </reporter-output>
  <suite started-at="2025-02-09T23:26:11 IST" name="Default suite" finished-at="2025-02-09T23:26:11 IST" duration-ms="21">
    <groups>
    </groups>
    <test started-at="2025-02-09T23:26:11 IST" name="Default test" finished-at="2025-02-09T23:26:11 IST" duration-ms="21">
      <class name="PR_test.SampleTest">
        <test-method is-config="true" signature="setUp()[pri:0, instance:PR_test.SampleTest@1cbbffcd]" started-at="2025-02-09T23:26:11 IST" name="setUp" finished-at="2025-02-09T23:26:11 IST" duration-ms="4" status="PASS">
          <reporter-output>
          </reporter-output>
        </test-method> <!-- setUp -->
        <test-method signature="testAddition()[pri:0, instance:PR_test.SampleTest@1cbbffcd]" started-at="2025-02-09T23:26:11 IST" name="testAddition" finished-at="2025-02-09T23:26:11 IST" duration-ms="4" status="PASS">
          <reporter-output>
          </reporter-output>
        </test-method> <!-- testAddition -->
        <test-method signature="testString()[pri:0, instance:PR_test.SampleTest@1cbbffcd]" started-at="2025-02-09T23:26:11 IST" name="testString" finished-at="2025-02-09T23:26:11 IST" duration-ms="0" status="PASS">
          <reporter-output>
          </reporter-output>
        </test-method> <!-- testString -->
        <test-method is-config="true" signature="tearDown()[pri:0, instance:PR_test.SampleTest@1cbbffcd]" started-at="2025-02-09T23:26:11 IST" name="tearDown" finished-at="2025-02-09T23:26:11 IST" duration-ms="0" status="PASS">
          <reporter-output>
          </reporter-output>
        </test-method> <!-- tearDown -->
      </class> <!-- PR_test.SampleTest -->
    </test> <!-- Default test -->
  </suite> <!-- Default suite -->
</testng-results>
